<?xml version="1.0" encoding="UTF-8"?>
<!-- Generated by org.testng.reporters.JUnitXMLReporter -->
<testsuite hostname="BISHT" ignored="0" name="Login Test" tests="2" failures="1" timestamp="25 Apr 2019 16:51:02 GMT" time="28.032" errors="0">
  <testcase name="doLogin" time="27.45" classname="TestNG.TestCase1"/>
  <testcase name="ValidateTitle" time="0.041" classname="TestNG.TestCase1">
    <failure type="java.lang.AssertionError" message="The following asserts failed:
	expected [Sign in – Google accounts1] but found [Sign in – Google accounts]">
      <![CDATA[java.lang.AssertionError: The following asserts failed:
expected [Sign in – Google accounts1] but found [Sign in – Google accounts]
at TestNG.TestCase1.ValidateTitle(TestCase1.java:30)
... Removed 26 stack frames]]>
    </failure>
  </testcase> <!-- ValidateTitle -->
</testsuite> <!-- Login Test -->
