<?xml version="1.0" encoding="UTF-8"?>
<!-- Generated by org.testng.reporters.JUnitXMLReporter -->
<testsuite hostname="BISHT" ignored="0" name="Validate Title" tests="2" failures="1" timestamp="01 May 2019 16:10:53 GMT" time="4.33" errors="0">
  <testcase name="doLogin" time="4.267" classname="TestNG.TestCase2"/>
  <testcase name="ValidateTitle" time="0.057" classname="TestNG.TestCase2">
    <failure type="java.lang.AssertionError" message="The following asserts failed:
	expected [Sign in – Google accounts] but found [accounts.google.com]">
      <![CDATA[java.lang.AssertionError: The following asserts failed:
expected [Sign in – Google accounts] but found [accounts.google.com]
at TestNG.TestCase2.ValidateTitle(TestCase2.java:33)
... Removed 26 stack frames]]>
    </failure>
  </testcase> <!-- ValidateTitle -->
</testsuite> <!-- Validate Title -->
